2023-03-11 13:07:36,660 ERROR 'Player' object has no attribute 'image'
Traceback (most recent call last):
  File "C:\Users\kevin\PycharmProjects\Super_Mario_Bros_The_Movie_The_Game\game.py", line 9, in <module>
    game_loop.looping()
  File "C:\Users\kevin\PycharmProjects\Super_Mario_Bros_The_Movie_The_Game\code\game_loop.py", line 60, in looping
    self.setup()
  File "C:\Users\kevin\PycharmProjects\Super_Mario_Bros_The_Movie_The_Game\code\game_loop.py", line 37, in setup
    self._01_level = _01_Main(event_loop=self.event_loop, settings=self.settings, locator=self.locator)
                     ^^^^^^^^^^^^^^^^^^^^^^^^^^^^^^^^^^^^^^^^^^^^^^^^^^^^^^^^^^^^^^^^^^^^^^^^^^^^^^^^^^
  File "C:\Users\kevin\PycharmProjects\Super_Mario_Bros_The_Movie_The_Game\code\_01_level\_01_main.py", line 77, in __init__
    self.setup()
  File "C:\Users\kevin\PycharmProjects\Super_Mario_Bros_The_Movie_The_Game\code\_01_level\_01_main.py", line 92, in setup
    self.player = Player(
                  ^^^^^^^
  File "C:\Users\kevin\PycharmProjects\Super_Mario_Bros_The_Movie_The_Game\code\_01_level\player.py", line 8, in __init__
    super().__init__(groups, pos, collision_sprites, death_zones, settings, map_width)
  File "C:\Users\kevin\PycharmProjects\Super_Mario_Bros_The_Movie_The_Game\code\_01_level\entity.py", line 25, in __init__
    self.set_hitbox(pos)
  File "C:\Users\kevin\PycharmProjects\Super_Mario_Bros_The_Movie_The_Game\code\_01_level\player.py", line 108, in set_hitbox
    self.rect = self.image.get_rect(topleft=pos)
                ^^^^^^^^^^
AttributeError: 'Player' object has no attribute 'image'
